#
# There is insufficient memory for the Java Runtime Environment to continue.
# Native memory allocation (mmap) failed to map 4030464 bytes for G1 virtual space
# Possible reasons:
#   The system is out of physical RAM or swap space
#   The process is running with CompressedOops enabled, and the Java Heap may be blocking the growth of the native heap
# Possible solutions:
#   Reduce memory load on the system
#   Increase physical memory or swap space
#   Check if swap backing store is full
#   Decrease Java heap size (-Xmx/-Xms)
#   Decrease number of Java threads
#   Decrease Java thread stack sizes (-Xss)
#   Set larger code cache with -XX:ReservedCodeCacheSize=
#   JVM is running with Zero Based Compressed Oops mode in which the Java heap is
#     placed in the first 32GB address space. The Java Heap base address is the
#     maximum limit for the native heap growth. Please use -XX:HeapBaseMinAddress
#     to set the Java Heap base and to place the Java Heap above 32GB virtual address.
# This output file may be truncated or incomplete.
#
#  Out of Memory Error (os_windows.cpp:3535), pid=14048, tid=17828
#
# JRE version:  (17.0.3+7) (build )
# Java VM: OpenJDK 64-Bit Server VM (17.0.3+7-jvmci-22.1-b06, mixed mode, sharing, tiered, jvmci, jvmci compiler, compressed oops, compressed class ptrs, g1 gc, windows-amd64)
# No core dump will be written. Minidumps are not enabled by default on client versions of Windows
#

---------------  S U M M A R Y ------------

Command Line: -XX:ThreadPriorityPolicy=1 -XX:+UnlockExperimentalVMOptions -XX:+EnableJVMCIProduct -XX:-UnlockExperimentalVMOptions -Dclassworlds.conf=C:\ProgramData\chocolatey\lib\maven\apache-maven-3.8.7\bin\m2.conf -Dmaven.home=C:\ProgramData\chocolatey\lib\maven\apache-maven-3.8.7 -Dlibrary.jansi.path=C:\ProgramData\chocolatey\lib\maven\apache-maven-3.8.7\lib\jansi-native -Dmaven.multiModuleProjectDirectory=C:\Users\jonat\Documents\GitHub\Netnotes\Netnotes org.codehaus.plexus.classworlds.launcher.Launcher clean package

Host: AMD Ryzen 7 4700U with Radeon Graphics         , 8 cores, 15G,  Windows 11 , 64 bit Build 22621 (10.0.22621.1635)
Time: Thu Jun  8 22:24:14 2023 Central Daylight Time elapsed time: 0.009465 seconds (0d 0h 0m 0s)

---------------  T H R E A D  ---------------

Current thread (0x00000232a7ec3d20):  JavaThread "Unknown thread" [_thread_in_vm, id=17828, stack(0x0000007359900000,0x0000007359a00000)]

Stack: [0x0000007359900000,0x0000007359a00000]
Native frames: (J=compiled Java code, j=interpreted, Vv=VM code, C=native code)
V  [jvm.dll+0x67303a]
V  [jvm.dll+0x7d2590]
V  [jvm.dll+0x7d3ede]
V  [jvm.dll+0x7d4593]
V  [jvm.dll+0x242d85]
V  [jvm.dll+0x66ff59]
V  [jvm.dll+0x6648a2]
V  [jvm.dll+0x3010eb]
V  [jvm.dll+0x308686]
V  [jvm.dll+0x3582a3]
V  [jvm.dll+0x3584bf]
V  [jvm.dll+0x2d8308]
V  [jvm.dll+0x2d9274]
V  [jvm.dll+0x7a3fd1]
V  [jvm.dll+0x366011]
V  [jvm.dll+0x78343c]
V  [jvm.dll+0x3e8a7f]
V  [jvm.dll+0x3ea521]
C  [jli.dll+0x527b]
C  [ucrtbase.dll+0x29363]
C  [KERNEL32.DLL+0x126ad]
C  [ntdll.dll+0x5a9f8]


---------------  P R O C E S S  ---------------

Threads class SMR info:
_java_thread_list=0x00007ffe37c0e8d8, length=0, elements={
}

Java Threads: ( => current thread )

Other Threads:
  0x00000232a7f2d860 GCTaskThread "GC Thread#0" [stack: 0x0000007359a00000,0x0000007359b00000] [id=15900]
  0x00000232a7f3ed80 ConcurrentGCThread "G1 Main Marker" [stack: 0x0000007359b00000,0x0000007359c00000] [id=11616]
  0x00000232a7f41800 ConcurrentGCThread "G1 Conc#0" [stack: 0x0000007359c00000,0x0000007359d00000] [id=20544]

[error occurred during error reporting (printing all threads), id 0xc0000005, EXCEPTION_ACCESS_VIOLATION (0xc0000005) at pc=0x00007ffe37458cf7]

VM state: not at safepoint (not fully initialized)

VM Mutex/Monitor currently owned by a thread:  ([mutex/lock_event])
[0x00000232a7ec00b0] Heap_lock - owner thread: 0x00000232a7ec3d20

Heap address: 0x000000070a200000, size: 3934 MB, Compressed Oops mode: Zero based, Oop shift amount: 3

CDS archive(s) mapped at: [0x0000000000000000-0x0000000000000000-0x0000000000000000), size 0, SharedBaseAddress: 0x0000000800000000, ArchiveRelocationMode: 0.
Narrow klass base: 0x0000000000000000, Narrow klass shift: 0, Narrow klass range: 0x0

GC Precious Log:
<Empty>

Heap:
 garbage-first heap   total 0K, used 0K [0x000000070a200000, 0x0000000800000000)
  region size 2048K, 0 young (0K), 0 survivors (0K)

[error occurred during error reporting (printing heap information), id 0xc0000005, EXCEPTION_ACCESS_VIOLATION (0xc0000005) at pc=0x00007ffe3783c4a9]

GC Heap History (0 events):
No events

Deoptimization events (0 events):
No events

Classes unloaded (0 events):
No events

Classes redefined (0 events):
No events

Internal exceptions (0 events):
No events

VM Operations (0 events):
No events

Events (1 events):
Event: 0.005 Loaded shared library C:\dev\graalvm\bin\java.dll


Dynamic libraries:
0x00007ff7732c0000 - 0x00007ff7732ce000 	C:\dev\graalvm\bin\java.exe
0x00007ffe91a50000 - 0x00007ffe91c64000 	C:\WINDOWS\SYSTEM32\ntdll.dll
0x00007ffe902f0000 - 0x00007ffe903b2000 	C:\WINDOWS\System32\KERNEL32.DLL
0x00007ffe8ee70000 - 0x00007ffe8f213000 	C:\WINDOWS\System32\KERNELBASE.dll
0x00007ffe8f250000 - 0x00007ffe8f361000 	C:\WINDOWS\System32\ucrtbase.dll
0x00007ffe877b0000 - 0x00007ffe877c8000 	C:\dev\graalvm\bin\jli.dll
0x00007ffe39450000 - 0x00007ffe3946a000 	C:\dev\graalvm\bin\VCRUNTIME140.dll
0x00007ffe91150000 - 0x00007ffe912fb000 	C:\WINDOWS\System32\USER32.dll
0x00007ffe729f0000 - 0x00007ffe72c7e000 	C:\WINDOWS\WinSxS\amd64_microsoft.windows.common-controls_6595b64144ccf1df_6.0.22621.1635_none_270f70857386168e\COMCTL32.dll
0x00007ffe8f220000 - 0x00007ffe8f246000 	C:\WINDOWS\System32\win32u.dll
0x00007ffe90ed0000 - 0x00007ffe90f77000 	C:\WINDOWS\System32\msvcrt.dll
0x00007ffe90ea0000 - 0x00007ffe90ec9000 	C:\WINDOWS\System32\GDI32.dll
0x00007ffe8f500000 - 0x00007ffe8f618000 	C:\WINDOWS\System32\gdi32full.dll
0x00007ffe8f3e0000 - 0x00007ffe8f47a000 	C:\WINDOWS\System32\msvcp_win.dll
0x00007ffe90630000 - 0x00007ffe90661000 	C:\WINDOWS\System32\IMM32.DLL
0x00007ffe39440000 - 0x00007ffe3944c000 	C:\dev\graalvm\bin\vcruntime140_1.dll
0x00007ffe34390000 - 0x00007ffe3441d000 	C:\dev\graalvm\bin\msvcp140.dll
0x00007ffe37170000 - 0x00007ffe37d36000 	C:\dev\graalvm\bin\server\jvm.dll
0x00007ffe90cd0000 - 0x00007ffe90d7e000 	C:\WINDOWS\System32\ADVAPI32.dll
0x00007ffe903c0000 - 0x00007ffe90464000 	C:\WINDOWS\System32\sechost.dll
0x00007ffe8f8d0000 - 0x00007ffe8f9e7000 	C:\WINDOWS\System32\RPCRT4.dll
0x00007ffe91300000 - 0x00007ffe91308000 	C:\WINDOWS\System32\PSAPI.DLL
0x00007ffe85760000 - 0x00007ffe8576a000 	C:\WINDOWS\SYSTEM32\VERSION.dll
0x00007ffe87750000 - 0x00007ffe87784000 	C:\WINDOWS\SYSTEM32\WINMM.dll
0x00007ffe39470000 - 0x00007ffe39479000 	C:\WINDOWS\SYSTEM32\WSOCK32.dll
0x00007ffe91310000 - 0x00007ffe91381000 	C:\WINDOWS\System32\WS2_32.dll
0x00007ffe8df20000 - 0x00007ffe8df38000 	C:\WINDOWS\SYSTEM32\kernel.appcore.dll
0x00007ffe370f0000 - 0x00007ffe370fa000 	C:\dev\graalvm\bin\jimage.dll
0x00007ffe8c6f0000 - 0x00007ffe8c91e000 	C:\WINDOWS\SYSTEM32\DBGHELP.DLL
0x00007ffe91610000 - 0x00007ffe91999000 	C:\WINDOWS\System32\combase.dll
0x00007ffe91390000 - 0x00007ffe91467000 	C:\WINDOWS\System32\OLEAUT32.dll
0x00007ffe76080000 - 0x00007ffe760b2000 	C:\WINDOWS\SYSTEM32\dbgcore.DLL
0x00007ffe8f480000 - 0x00007ffe8f4fb000 	C:\WINDOWS\System32\bcryptPrimitives.dll
0x00007ffe37100000 - 0x00007ffe37125000 	C:\dev\graalvm\bin\java.dll

dbghelp: loaded successfully - version: 4.0.5 - missing functions: none
symbol engine: initialized successfully - sym options: 0x614 - pdb path: .;C:\dev\graalvm\bin;C:\WINDOWS\SYSTEM32;C:\WINDOWS\WinSxS\amd64_microsoft.windows.common-controls_6595b64144ccf1df_6.0.22621.1635_none_270f70857386168e;C:\dev\graalvm\bin\server

VM Arguments:
jvm_args: -XX:ThreadPriorityPolicy=1 -XX:+UnlockExperimentalVMOptions -XX:+EnableJVMCIProduct -XX:-UnlockExperimentalVMOptions -Dclassworlds.conf=C:\ProgramData\chocolatey\lib\maven\apache-maven-3.8.7\bin\m2.conf -Dmaven.home=C:\ProgramData\chocolatey\lib\maven\apache-maven-3.8.7 -Dlibrary.jansi.path=C:\ProgramData\chocolatey\lib\maven\apache-maven-3.8.7\lib\jansi-native -Dmaven.multiModuleProjectDirectory=C:\Users\jonat\Documents\GitHub\Netnotes\Netnotes 
java_command: org.codehaus.plexus.classworlds.launcher.Launcher clean package
java_class_path (initial): C:\ProgramData\chocolatey\lib\maven\apache-maven-3.8.7\boot\plexus-classworlds-2.6.0.jar
Launcher Type: SUN_STANDARD

[Global flags]
     intx CICompilerCount                          = 4                                         {product} {ergonomic}
     uint ConcGCThreads                            = 2                                         {product} {ergonomic}
     bool EnableJVMCIProduct                       = true                                {JVMCI product} {jimage}
     uint G1ConcRefinementThreads                  = 8                                         {product} {ergonomic}
   size_t G1HeapRegionSize                         = 2097152                                   {product} {ergonomic}
    uintx GCDrainStackTargetSize                   = 64                                        {product} {ergonomic}
   size_t InitialHeapSize                          = 257949696                                 {product} {ergonomic}
   size_t MarkStackSize                            = 4194304                                   {product} {ergonomic}
   size_t MaxHeapSize                              = 4125097984                                {product} {ergonomic}
   size_t MinHeapDeltaBytes                        = 2097152                                   {product} {ergonomic}
   size_t MinHeapSize                              = 8388608                                   {product} {ergonomic}
    uintx NonNMethodCodeHeapSize                   = 5839372                                {pd product} {ergonomic}
    uintx NonProfiledCodeHeapSize                  = 122909434                              {pd product} {ergonomic}
    uintx ProfiledCodeHeapSize                     = 122909434                              {pd product} {ergonomic}
    uintx ReservedCodeCacheSize                    = 251658240                              {pd product} {ergonomic}
     bool SegmentedCodeCache                       = true                                      {product} {ergonomic}
   size_t SoftMaxHeapSize                          = 4125097984                             {manageable} {ergonomic}
     intx ThreadPriorityPolicy                     = 1                                         {product} {jimage}
     bool UseCompressedClassPointers               = true                           {product lp64_product} {ergonomic}
     bool UseCompressedOops                        = true                           {product lp64_product} {ergonomic}
     bool UseG1GC                                  = true                                      {product} {ergonomic}
     bool UseLargePagesIndividualAllocation        = false                                  {pd product} {ergonomic}

Logging:
Log output configuration:
 #0: stdout all=warning uptime,level,tags
 #1: stderr all=off uptime,level,tags

Environment Variables:
JAVA_HOME=C:\dev\graalvm
PATH=C:\Program Files (x86)\Microsoft Visual Studio\2019\Community\VC\Tools\MSVC\14.29.30133\bin\HostX64\x64;C:\Program Files (x86)\Microsoft Visual Studio\2019\Community\Common7\IDE\VC\VCPackages;C:\Program Files (x86)\Microsoft Visual Studio\2019\Community\Common7\IDE\CommonExtensions\Microsoft\TestWindow;C:\Program Files (x86)\Microsoft Visual Studio\2019\Community\Common7\IDE\CommonExtensions\Microsoft\TeamFoundation\Team Explorer;C:\Program Files (x86)\Microsoft Visual Studio\2019\Community\MSBuild\Current\bin\Roslyn;C:\Program Files (x86)\Microsoft SDKs\Windows\v10.0A\bin\NETFX 4.8 Tools\x64\;C:\Program Files (x86)\Microsoft Visual Studio\2019\Community\Common7\Tools\devinit;C:\Program Files (x86)\Windows Kits\10\bin\10.0.19041.0\x64;C:\Program Files (x86)\Windows Kits\10\bin\x64;C:\Program Files (x86)\Microsoft Visual Studio\2019\Community\\MSBuild\Current\Bin;C:\Windows\Microsoft.NET\Framework64\v4.0.30319;C:\Program Files (x86)\Microsoft Visual Studio\2019\Community\Common7\IDE\;C:\Program Files (x86)\Microsoft Visual Studio\2019\Community\Common7\Tools\;C:\dev\graalvm\bin;C:\Program Files\Common Files\Oracle\Java\javapath;C:\WINDOWS\system32;C:\WINDOWS;C:\WINDOWS\System32\Wbem;C:\WINDOWS\System32\WindowsPowerShell\v1.0\;C:\WINDOWS\System32\OpenSSH\;C:\Program Files (x86)\dotnet\;C:\Program Files\dotnet\;C:\Program Files (x86)\Common Files\Autodesk Shared\;C:\Program Files\TortoiseSVN\bin;C:\Program Files (x86)\backburner 2\;C:\Program Files (x86)\Autodesk\Backburner\;C:\Program Files\Common Files\Autodesk Shared\;C:\Program Files (x86)\ATI Technologies\ATI.ACE\Core-Static;C:\Users\jonat\AppData\Local\Microsoft\WindowsApps;C:\Dev\VS Code\bin;C:\Program Files\Microsoft SQL Server\150\Tools\Binn\;C:\ProgramData\chocolatey\bin;C:\ProgramData\chocolatey\lib\maven\apache-maven-3.8.7\bin;C:\Users\jonat\AppData\Local\Microsoft\WindowsApps;;C:\Dev\VS Code\bin
USERNAME=jonathan
LANG=en_US.UTF-8
LIBPATH=C:\Program Files (x86)\Microsoft Visual Studio\2019\Community\VC\Tools\MSVC\14.29.30133\lib\x64;C:\Program Files (x86)\Microsoft Visual Studio\2019\Community\VC\Tools\MSVC\14.29.30133\lib\x86\store\references;C:\Program Files (x86)\Windows Kits\10\UnionMetadata\10.0.19041.0;C:\Program Files (x86)\Windows Kits\10\References\10.0.19041.0;C:\Windows\Microsoft.NET\Framework64\v4.0.30319
OS=Windows_NT
PROCESSOR_IDENTIFIER=AMD64 Family 23 Model 96 Stepping 1, AuthenticAMD



---------------  S Y S T E M  ---------------

OS:
 Windows 11 , 64 bit Build 22621 (10.0.22621.1635)
OS uptime: 0 days 8:53 hours

CPU: total 8 (initial active 8) (8 cores per cpu, 1 threads per core) family 23 model 96 stepping 1 microcode 0x0, cx8, cmov, fxsr, mmx, 3dnowpref, sse, sse2, sse3, ssse3, sse4a, sse4.1, sse4.2, popcnt, lzcnt, tsc, tscinvbit, avx, avx2, aes, clmul, bmi1, bmi2, adx, sha, fma, vzeroupper, clflush, clflushopt

Memory: 4k page, system-wide physical 15734M (821M free)
TotalPageFile size 64886M (AvailPageFile size 6M)
current process WorkingSet (physical memory assigned to process): 11M, peak: 11M
current process commit charge ("private bytes"): 306M, peak: 310M

vm_info: OpenJDK 64-Bit Server VM (17.0.3+7-jvmci-22.1-b06) for windows-amd64 JRE (17.0.3+7-jvmci-22.1-b06), built on Apr 20 2022 05:05:02 by "" with MS VC++ 16.8 / 16.9 (VS2019)

END.
